<?xml version="1.0" encoding="UTF-8"?>
<testng-results ignored="0" total="1" passed="0" failed="1" skipped="0">
  <reporter-output>
  </reporter-output>
  <suite started-at="2023-05-10T05:11:21Z" name="Default suite" finished-at="2023-05-10T05:12:16Z" duration-ms="54637">
    <groups>
    </groups>
    <test started-at="2023-05-10T05:11:21Z" name="Default test" finished-at="2023-05-10T05:12:16Z" duration-ms="54637">
      <class name="fd_run_package.FD_Runner">
        <test-method is-config="true" signature="beforeTest()[pri:0, instance:fd_run_package.FD_Runner@6eb2384f]" started-at="2023-05-10T05:11:21Z" name="beforeTest" finished-at="2023-05-10T05:11:37Z" duration-ms="15110" status="PASS">
          <reporter-output>
          </reporter-output>
        </test-method> <!-- beforeTest -->
        <test-method signature="f1(java.lang.String, java.lang.String, java.lang.String, java.lang.String, java.lang.String, java.lang.String, java.lang.String, java.lang.String, java.lang.String, java.lang.String, java.lang.String, java.lang.String, java.lang.String, java.lang.String, java.lang.String, java.lang.String, java.lang.String, java.lang.String, java.lang.String, java.lang.String, java.lang.String)[pri:0, instance:fd_run_package.FD_Runner@6eb2384f]" started-at="2023-05-10T05:11:37Z" name="f1" data-provider="getTestData" finished-at="2023-05-10T05:12:16Z" duration-ms="39044" status="FAIL">
          <params>
            <param index="0">
              <value>
                <![CDATA[1.0]]>
              </value>
            </param>
            <param index="1">
              <value>
                <![CDATA[7908410501]]>
              </value>
            </param>
            <param index="2">
              <value>
                <![CDATA[603210.0]]>
              </value>
            </param>
            <param index="3">
              <value>
                <![CDATA[111111.0]]>
              </value>
            </param>
            <param index="4">
              <value>
                <![CDATA[HQHPS6399G]]>
              </value>
            </param>
            <param index="5">
              <value>
                <![CDATA[test@novactech.in]]>
              </value>
            </param>
            <param index="6">
              <value>
                <![CDATA[279515330854]]>
              </value>
            </param>
            <param index="7">
              <value>
                <![CDATA[C:\Users\m1077\GIT_HUB\SFL_TESTING\FD_Project\src\main\java\Documents\tiger.JPG]]>
              </value>
            </param>
            <param index="8">
              <value>
                <![CDATA[C:\Users\m1077\GIT_HUB\SFL_TESTING\FD_Project\src\main\java\Documents\Transaction number.JPG]]>
              </value>
            </param>
            <param index="9">
              <value>
                <![CDATA[C:\Users\m1077\GIT_HUB\SFL_TESTING\FD_Project\src\main\java\Documents\tiger.JPG]]>
              </value>
            </param>
            <param index="10">
              <value>
                <![CDATA[Queens Court Plot No 193]]>
              </value>
            </param>
            <param index="11">
              <value>
                <![CDATA[Madurai meenakshi puram iyyenchery urapakkam]]>
              </value>
            </param>
            <param index="12">
              <value>
                <![CDATA[50100479920083]]>
              </value>
            </param>
            <param index="13">
              <value>
                <![CDATA[50100479920083]]>
              </value>
            </param>
            <param index="14">
              <value>
                <![CDATA[HDFC0000750]]>
              </value>
            </param>
            <param index="15">
              <value>
                <![CDATA[Savings]]>
              </value>
            </param>
            <param index="16">
              <value>
                <![CDATA[Shubham]]>
              </value>
            </param>
            <param index="17">
              <value>
                <![CDATA[C:\Users\m1077\GIT_HUB\SFL_TESTING\FD_Project\src\main\java\Documents\Cancel Cheque.jpg]]>
              </value>
            </param>
            <param index="18">
              <value>
                <![CDATA[Engineer]]>
              </value>
            </param>
            <param index="19">
              <value>
                <![CDATA[Unmarried]]>
              </value>
            </param>
            <param index="20">
              <value>
                <![CDATA[Rajendra]]>
              </value>
            </param>
          </params>
          <exception class="org.openqa.selenium.TimeoutException">
            <message>
              <![CDATA[Expected condition failed: waiting for visibility of Proxy element for: DefaultElementLocator 'By.xpath: //div[@class='check-b p-relative d-flex align-item-center citizenyesCheckBox']' (tried for 15 second(s) with 500 milliseconds interval)]]>
            </message>
            <full-stacktrace>
              <![CDATA[org.openqa.selenium.TimeoutException: Expected condition failed: waiting for visibility of Proxy element for: DefaultElementLocator 'By.xpath: //div[@class='check-b p-relative d-flex align-item-center citizenyesCheckBox']' (tried for 15 second(s) with 500 milliseconds interval)
at org.openqa.selenium.support.ui.WebDriverWait.timeoutException(WebDriverWait.java:87)
at org.openqa.selenium.support.ui.FluentWait.until(FluentWait.java:231)
at org.baseclass.BaseClass.btnClick(BaseClass.java:181)
at org.run.Pre_Execution_Fd.scheme_selection(Pre_Execution_Fd.java:80)
at fd_run_package.FD_Runner.f1(FD_Runner.java:49)
at java.base/jdk.internal.reflect.NativeMethodAccessorImpl.invoke0(Native Method)
at java.base/jdk.internal.reflect.NativeMethodAccessorImpl.invoke(NativeMethodAccessorImpl.java:77)
at java.base/jdk.internal.reflect.DelegatingMethodAccessorImpl.invoke(DelegatingMethodAccessorImpl.java:43)
at java.base/java.lang.reflect.Method.invoke(Method.java:568)
at org.testng.internal.MethodInvocationHelper.invokeMethod(MethodInvocationHelper.java:124)
at org.testng.internal.Invoker.invokeMethod(Invoker.java:583)
at org.testng.internal.Invoker.invokeTestMethod(Invoker.java:719)
at org.testng.internal.Invoker.invokeTestMethods(Invoker.java:989)
at org.testng.internal.TestMethodWorker.invokeTestMethods(TestMethodWorker.java:125)
at org.testng.internal.TestMethodWorker.run(TestMethodWorker.java:109)
at org.testng.TestRunner.privateRun(TestRunner.java:648)
at org.testng.TestRunner.run(TestRunner.java:505)
at org.testng.SuiteRunner.runTest(SuiteRunner.java:455)
at org.testng.SuiteRunner.runSequentially(SuiteRunner.java:450)
at org.testng.SuiteRunner.privateRun(SuiteRunner.java:415)
at org.testng.SuiteRunner.run(SuiteRunner.java:364)
at org.testng.SuiteRunnerWorker.runSuite(SuiteRunnerWorker.java:52)
at org.testng.SuiteRunnerWorker.run(SuiteRunnerWorker.java:84)
at org.testng.TestNG.runSuitesSequentially(TestNG.java:1208)
at org.testng.TestNG.runSuitesLocally(TestNG.java:1137)
at org.testng.TestNG.runSuites(TestNG.java:1049)
at org.testng.TestNG.run(TestNG.java:1017)
at org.testng.remote.AbstractRemoteTestNG.run(AbstractRemoteTestNG.java:115)
at org.testng.remote.RemoteTestNG.initAndRun(RemoteTestNG.java:251)
at org.testng.remote.RemoteTestNG.main(RemoteTestNG.java:77)
Caused by: org.openqa.selenium.NoSuchElementException: no such element: Unable to locate element: {"method":"xpath","selector":"//div[@class='check-b p-relative d-flex align-item-center citizenyesCheckBox']"}
  (Session info: chrome=113.0.5672.92)
For documentation on this error, please visit: https://selenium.dev/exceptions/#no_such_element
Build info: version: '4.2.2', revision: '683ccb65d6'
System info: host: 'NEWLNDVDI-0015', ip: '172.23.3.239', os.name: 'Windows 10', os.arch: 'amd64', os.version: '10.0', java.version: '17.0.5'
Driver info: org.openqa.selenium.chrome.ChromeDriver
Command: [ddaa5a4324bdd7bc71b74c8d38e05521, findElement {using=xpath, value=//div[@class='check-b p-relative d-flex align-item-center citizenyesCheckBox']}]
Capabilities {acceptInsecureCerts: false, browserName: chrome, browserVersion: 113.0.5672.92, chrome: {chromedriverVersion: 113.0.5672.63 (0e1a4471d5ae..., userDataDir: C:\Users\m1077\AppData\Loca...}, goog:chromeOptions: {debuggerAddress: localhost:57724}, networkConnectionEnabled: false, pageLoadStrategy: normal, platformName: WINDOWS, proxy: Proxy(), se:cdp: ws://localhost:57724/devtoo..., se:cdpVersion: 113.0.5672.92, setWindowRect: true, strictFileInteractability: false, timeouts: {implicit: 0, pageLoad: 300000, script: 30000}, unhandledPromptBehavior: dismiss and notify, webauthn:extension:credBlob: true, webauthn:extension:largeBlob: true, webauthn:extension:minPinLength: true, webauthn:extension:prf: true, webauthn:virtualAuthenticators: true}
Session ID: ddaa5a4324bdd7bc71b74c8d38e05521
at jdk.internal.reflect.GeneratedConstructorAccessor26.newInstance(Unknown Source)
at java.base/jdk.internal.reflect.DelegatingConstructorAccessorImpl.newInstance(DelegatingConstructorAccessorImpl.java:45)
at java.base/java.lang.reflect.Constructor.newInstanceWithCaller(Constructor.java:499)
at java.base/java.lang.reflect.Constructor.newInstance(Constructor.java:480)
at org.openqa.selenium.remote.codec.w3c.W3CHttpResponseCodec.createException(W3CHttpResponseCodec.java:200)
at org.openqa.selenium.remote.codec.w3c.W3CHttpResponseCodec.decode(W3CHttpResponseCodec.java:133)
at org.openqa.selenium.remote.codec.w3c.W3CHttpResponseCodec.decode(W3CHttpResponseCodec.java:53)
at org.openqa.selenium.remote.HttpCommandExecutor.execute(HttpCommandExecutor.java:184)
at org.openqa.selenium.remote.service.DriverCommandExecutor.invokeExecute(DriverCommandExecutor.java:167)
at org.openqa.selenium.remote.service.DriverCommandExecutor.execute(DriverCommandExecutor.java:142)
at org.openqa.selenium.remote.RemoteWebDriver.execute(RemoteWebDriver.java:588)
at org.openqa.selenium.remote.ElementLocation$ElementFinder$2.findElement(ElementLocation.java:162)
at org.openqa.selenium.remote.ElementLocation.findElement(ElementLocation.java:60)
at org.openqa.selenium.remote.RemoteWebDriver.findElement(RemoteWebDriver.java:406)
at org.openqa.selenium.remote.RemoteWebDriver.findElement(RemoteWebDriver.java:398)
at org.openqa.selenium.support.pagefactory.DefaultElementLocator.findElement(DefaultElementLocator.java:70)
at org.openqa.selenium.support.pagefactory.internal.LocatingElementHandler.invoke(LocatingElementHandler.java:39)
at jdk.proxy2/jdk.proxy2.$Proxy16.isDisplayed(Unknown Source)
at org.openqa.selenium.support.ui.ExpectedConditions.elementIfVisible(ExpectedConditions.java:307)
at org.openqa.selenium.support.ui.ExpectedConditions.access$000(ExpectedConditions.java:40)
at org.openqa.selenium.support.ui.ExpectedConditions$10.apply(ExpectedConditions.java:293)
at org.openqa.selenium.support.ui.ExpectedConditions$10.apply(ExpectedConditions.java:290)
at org.openqa.selenium.support.ui.FluentWait.until(FluentWait.java:208)
... 28 more
]]>
            </full-stacktrace>
          </exception> <!-- org.openqa.selenium.TimeoutException -->
          <reporter-output>
          </reporter-output>
        </test-method> <!-- f1 -->
      </class> <!-- fd_run_package.FD_Runner -->
    </test> <!-- Default test -->
  </suite> <!-- Default suite -->
</testng-results>
